<?xml version="1.0" encoding="UTF-8"?>
<testng-results ignored="5" total="7" passed="2" failed="0" skipped="0">
  <reporter-output>
  </reporter-output>
  <suite started-at="2022-04-26T16:25:05 SAST" name="Default suite" finished-at="2022-04-26T16:25:28 SAST" duration-ms="22792">
    <groups>
    </groups>
    <test started-at="2022-04-26T16:25:05 SAST" name="Default test" finished-at="2022-04-26T16:25:28 SAST" duration-ms="22792">
      <class name="takeAlotTests.TestsTakeAlot">
        <test-method is-config="true" signature="clickCookiesButton()[pri:0, instance:takeAlotTests.TestsTakeAlot@66971f6b]" started-at="2022-04-26T16:25:05 SAST" name="clickCookiesButton" finished-at="2022-04-26T16:25:08 SAST" duration-ms="2932" status="PASS">
          <reporter-output>
          </reporter-output>
        </test-method> <!-- clickCookiesButton -->
        <test-method signature="UseDataProvider(java.lang.String,java.lang.String)[pri:0, instance:takeAlotTests.TestsTakeAlot@66971f6b]" started-at="2022-04-26T16:25:09 SAST" name="UseDataProvider" data-provider="Search Input List" finished-at="2022-04-26T16:25:18 SAST" duration-ms="8738" status="PASS">
          <params>
            <param index="0">
              <value>
                <![CDATA[DKNY]]>
              </value>
            </param>
            <param index="1">
              <value>
                <![CDATA[1]]>
              </value>
            </param>
          </params>
          <reporter-output>
          </reporter-output>
        </test-method> <!-- UseDataProvider -->
        <test-method signature="UseDataProvider(java.lang.String,java.lang.String)[pri:0, instance:takeAlotTests.TestsTakeAlot@66971f6b]" started-at="2022-04-26T16:25:18 SAST" name="UseDataProvider" data-provider="Search Input List" finished-at="2022-04-26T16:25:28 SAST" duration-ms="9836" status="PASS">
          <params>
            <param index="0">
              <value>
                <![CDATA[UPS]]>
              </value>
            </param>
            <param index="1">
              <value>
                <![CDATA[2]]>
              </value>
            </param>
          </params>
          <reporter-output>
          </reporter-output>
        </test-method> <!-- UseDataProvider -->
        <test-method is-config="true" signature="closeBrowser()[pri:0, instance:takeAlotTests.TestsTakeAlot@66971f6b]" started-at="2022-04-26T16:25:28 SAST" name="closeBrowser" finished-at="2022-04-26T16:25:28 SAST" duration-ms="1" status="PASS">
          <reporter-output>
          </reporter-output>
        </test-method> <!-- closeBrowser -->
      </class> <!-- takeAlotTests.TestsTakeAlot -->
    </test> <!-- Default test -->
  </suite> <!-- Default suite -->
</testng-results>
