<?xml version="1.0" encoding="UTF-8"?>
<!-- Generated by org.testng.reporters.JUnitXMLReporter -->
<testsuite ignored="5" hostname="DESKTOP-PKSDS0O" failures="0" tests="2" name="Default test" time="22.792" errors="0" timestamp="2022-04-26T16:25:28 SAST">
  <testcase classname="takeAlotTests.TestsTakeAlot" name="UseDataProvider" time="8.738"/>
  <testcase classname="takeAlotTests.TestsTakeAlot" name="UseDataProvider" time="9.836"/>
  <testcase classname="takeAlotTests.TestsTakeAlot" name="GIVEN_shopperIsOnLandingPage_WHEN_shopperEntersDKNUasSearchString_AND_shopperClicksTheSearchButton_THEN_DKNYBeDelicious" time="0.0">
    <ignored/>
  </testcase> <!-- GIVEN_shopperIsOnLandingPage_WHEN_shopperEntersDKNUasSearchString_AND_shopperClicksTheSearchButton_THEN_DKNYBeDelicious -->
  <testcase classname="takeAlotTests.TestsTakeAlot" name="GIVEN_ShopperOnLandingPage_WHEN_selectDailyDeals_THEN_DailyScreenOpen_AND_PhillipsAirfryerFirstItemDislayed" time="0.0">
    <ignored/>
  </testcase> <!-- GIVEN_ShopperOnLandingPage_WHEN_selectDailyDeals_THEN_DailyScreenOpen_AND_PhillipsAirfryerFirstItemDislayed -->
  <testcase classname="takeAlotTests.TestsTakeAlot" name="GIVEN_ShopperOnDKNYProduct_THEN_AddToCart" time="0.0">
    <ignored/>
  </testcase> <!-- GIVEN_ShopperOnDKNYProduct_THEN_AddToCart -->
  <testcase classname="takeAlotTests.TestsTakeAlot" name="GIVEN_ShopperOnProduct_WHEN_AddToWishList_THEN_ProductAddedToWishList" time="0.0">
    <ignored/>
  </testcase> <!-- GIVEN_ShopperOnProduct_WHEN_AddToWishList_THEN_ProductAddedToWishList -->
  <testcase classname="takeAlotTests.TestsTakeAlot" name="GIVEN_shopperIsOnLandingPage_WHEN_shopperEntersBootsasSearchString_AND_shopperClicksTheSearchButton_THEN_Boots" time="0.0">
    <ignored/>
  </testcase> <!-- GIVEN_shopperIsOnLandingPage_WHEN_shopperEntersBootsasSearchString_AND_shopperClicksTheSearchButton_THEN_Boots -->
</testsuite> <!-- Default test -->
